<?xml version="1.0" encoding="UTF-8"?>
<!-- Generated by org.testng.reporters.JUnitReportReporter -->
<testsuite hostname="ramesh-desktop" failures="0" tests="4" name="test.BasicValidation" time="0.190" errors="0" timestamp="2021-08-08T21:46:34 IST" skipped="0">
  <testcase classname="test.BasicValidation" name="urlValidation" time="0.045"/>
  <system-out/>
  <testcase classname="test.BasicValidation" name="titleValidation" time="0.009"/>
  <system-out/>
  <testcase classname="test.BasicValidation" name="urlValidation" time="0.010"/>
  <system-out/>
  <testcase classname="test.BasicValidation" name="titleValidation" time="0.126"/>
  <system-out/>
</testsuite> <!-- test.BasicValidation -->
