<?xml version="1.0" encoding="UTF-8"?>
<!-- Generated by org.testng.reporters.JUnitReportReporter -->
<testsuite hostname="ramesh-desktop" failures="0" tests="14" name="test.LoginValidation" time="2.772" errors="0" timestamp="2021-08-08T21:46:34 IST" skipped="0">
  <testcase classname="test.LoginValidation" name="validUsernameValidPasswordTest" time="0.112"/>
  <system-out/>
  <testcase classname="test.LoginValidation" name="blankUsernameBlankPasswordTest" time="0.379"/>
  <system-out/>
  <testcase classname="test.LoginValidation" name="validUsernameBlankPasswordTest" time="0.277"/>
  <system-out/>
  <testcase classname="test.LoginValidation" name="invalidUsernameValidPasswordTest" time="0.112"/>
  <system-out/>
  <testcase classname="test.LoginValidation" name="invalidUsernameValidPasswordTest" time="0.289"/>
  <system-out/>
  <testcase classname="test.LoginValidation" name="invalidUsernameInvalidPasswordTest" time="0.149"/>
  <system-out/>
  <testcase classname="test.LoginValidation" name="validUsernameBlankPasswordTest" time="0.092"/>
  <system-out/>
  <testcase classname="test.LoginValidation" name="validUsernameInvalidPasswordTest" time="0.121"/>
  <system-out/>
  <testcase classname="test.LoginValidation" name="invalidUsernameInvalidPasswordTest" time="0.373"/>
  <system-out/>
  <testcase classname="test.LoginValidation" name="validUsernameInvalidPasswordTest" time="0.251"/>
  <system-out/>
  <testcase classname="test.LoginValidation" name="validUsernameValidPasswordTest" time="0.279"/>
  <system-out/>
  <testcase classname="test.LoginValidation" name="blankUsernameValidPasswordTest" time="0.106"/>
  <system-out/>
  <testcase classname="test.LoginValidation" name="blankUsernameValidPasswordTest" time="0.163"/>
  <system-out/>
  <testcase classname="test.LoginValidation" name="blankUsernameBlankPasswordTest" time="0.069"/>
  <system-out/>
</testsuite> <!-- test.LoginValidation -->
